Traceback (most recent call last):
  File "monitor_corpora.py", line 1, in <module>
    import pyinotify
ModuleNotFoundError: No module named 'pyinotify'
Building all collections and monitoring corpora: 2018-11-28T16:46:50.484747
Building VN Collection...
Finished building VN Collections.
Building PropBank Collections...
Finished building PropBank Collections.
Building FrameNet Collections...
Finished building FrameNet Collections.
Building ON collection... 
ON Done
Monitoring corpora for changes: 2018-11-28T16:47:37.845920
Building all collections and monitoring corpora: 2018-12-01T15:27:47.221208
Building VN Collection...
Finished building VN Collections.
Building PropBank Collections...
Finished building PropBank Collections.
Building FrameNet Collections...
Finished building FrameNet Collections.
Building ON collection... 
ON Done
Monitoring corpora for changes: 2018-12-01T15:28:38.008886
